<?xml version="1.0" encoding="UTF-8"?>
<testsuite xmlns:xsi="http://www.w3.org/2001/XMLSchema-instance" xsi:noNamespaceSchemaLocation="https://maven.apache.org/surefire/maven-surefire-plugin/xsd/surefire-test-report.xsd" version="3.0.2" name="org.softeng.group77.pennyplanner.PennyPlannerApplicationTests" time="1.04" tests="1" errors="0" skipped="0" failures="0">
  <properties>
[...]
</properties>
  <testcase name="contextLoads" classname="org.softeng.group77.pennyplanner.PennyPlannerApplicationTests" time="0.349">
    <system-out><![CDATA[23:05:01.617 [main] INFO org.springframework.test.context.support.AnnotationConfigContextLoaderUtils -- Could not detect default configuration classes for test class [org.softeng.group77.pennyplanner.PennyPlannerApplicationTests]: PennyPlannerApplicationTests does not declare any static, non-private, non-final, nested classes annotated with @Configuration.
23:05:01.658 [main] INFO org.springframework.boot.test.context.SpringBootTestContextBootstrapper -- Found @SpringBootConfiguration org.softeng.group77.pennyplanner.PennyPlannerApplication for test class org.softeng.group77.pennyplanner.PennyPlannerApplicationTests

  .   ____          _            __ _ _
 /\\ / ___'_ __ _ _(_)_ __  __ _ \ \ \ \
( ( )\___ | '_ | '_| | '_ \/ _` | \ \ \ \
 \\/  ___)| |_)| | | | | || (_| |  ) ) ) )
  '  |____| .__|_| |_|_| |_\__, | / / / /
 =========|_|==============|___/=/_/_/_/

 :: Spring Boot ::                (v3.4.4)

2025-04-12T23:05:01.815+08:00  INFO 88898 --- [PennyPlanner] [           main] o.s.g.p.PennyPlannerApplicationTests     : Starting PennyPlannerApplicationTests using Java 21.0.5 with PID 88898 (started by yibagaozi in /Users/yibagaozi/Documents/GitHub/PennyPlanner)
2025-04-12T23:05:01.815+08:00  INFO 88898 --- [PennyPlanner] [           main] o.s.g.p.PennyPlannerApplicationTests     : No active profile set, falling back to 1 default profile: "default"
2025-04-12T23:05:02.249+08:00  INFO 88898 --- [PennyPlanner] [           main] o.s.g.p.PennyPlannerApplicationTests     : Started PennyPlannerApplicationTests in 0.541 seconds (process running for 0.895)
]]></system-out>
    <system-err><![CDATA[Mockito is currently self-attaching to enable the inline-mock-maker. This will no longer work in future releases of the JDK. Please add Mockito as an agent to your build what is described in Mockito's documentation: https://javadoc.io/doc/org.mockito/mockito-core/latest/org/mockito/Mockito.html#0.3
WARNING: A Java agent has been loaded dynamically (/Users/yibagaozi/.m2/repository/net/bytebuddy/byte-buddy-agent/1.15.11/byte-buddy-agent-1.15.11.jar)
WARNING: If a serviceability tool is in use, please run with -XX:+EnableDynamicAgentLoading to hide this warning
WARNING: If a serviceability tool is not in use, please run with -Djdk.instrument.traceUsage for more information
WARNING: Dynamic loading of agents will be disallowed by default in a future release
]]></system-err>
  </testcase>
</testsuite>